<?xml version="1.0" encoding="UTF-8"?>
<!-- Generated by org.testng.reporters.JUnitReportReporter -->
<testsuite skipped="0" hostname="DESKTOP-5LN919O" name="com.crm.qa.test.LaunchTest" tests="1" failures="0" timestamp="28 Sep 2018 17:55:27 GMT" time="18.509" errors="0">
  <testcase name="launchApplication" time="18.509" classname="com.crm.qa.test.LaunchTest"/>
</testsuite> <!-- com.crm.qa.test.LaunchTest -->
